[
  {
    "line": 1,
    "elements": [
      {
        "start_timestamp": "2021-10-09T17:05:07.742Z",
        "line": 12,
        "name": "Test Multiple Data",
        "description": "",
        "id": "test-free-crm-app;test-multiple-data;;2",
        "type": "scenario",
        "keyword": "Scenario Outline",
        "steps": [
          {
            "result": {
              "duration": 6310755400,
              "status": "passed"
            },
            "line": 4,
            "name": "user enter Free CRM url",
            "match": {
              "location": "StepDefination1.datadrivenstep.user_enter_free_crm_url()"
            },
            "keyword": "Given "
          },
          {
            "result": {
              "duration": 24269464200,
              "status": "passed"
            },
            "line": 5,
            "name": "user enter \"shashankmeka023@gmail.com\" and \"Shashank@123\"",
            "match": {
              "arguments": [
                {
                  "val": "\"shashankmeka023@gmail.com\"",
                  "offset": 11
                },
                {
                  "val": "\"Shashank@123\"",
                  "offset": 43
                }
              ],
              "location": "StepDefination1.datadrivenstep.user_enter_and(java.lang.String,java.lang.String)"
            },
            "keyword": "When "
          },
          {
            "result": {
              "duration": 8305427000,
              "status": "passed"
            },
            "line": 6,
            "name": "user is on Homepage",
            "match": {
              "location": "StepDefination1.datadrivenstep.user_is_on_homepage()"
            },
            "keyword": "Then "
          },
          {
            "result": {
              "duration": 336099600,
              "status": "passed"
            },
            "line": 7,
            "name": "close App",
            "match": {
              "location": "StepDefination1.datadrivenstep.close_app()"
            },
            "keyword": "And "
          }
        ]
      },
      {
        "start_timestamp": "2021-10-09T17:05:47.075Z",
        "line": 13,
        "name": "Test Multiple Data",
        "description": "",
        "id": "test-free-crm-app;test-multiple-data;;3",
        "type": "scenario",
        "keyword": "Scenario Outline",
        "steps": [
          {
            "result": {
              "duration": 9589716100,
              "status": "passed"
            },
            "line": 4,
            "name": "user enter Free CRM url",
            "match": {
              "location": "StepDefination1.datadrivenstep.user_enter_free_crm_url()"
            },
            "keyword": "Given "
          },
          {
            "result": {
              "error_message": "org.openqa.selenium.WebDriverException: disconnected: not connected to DevTools\n  (Session info: chrome\u003d94.0.4606.81)\nBuild info: version: \u00273.141.59\u0027, revision: \u0027e82be7d358\u0027, time: \u00272018-11-14T08:17:03\u0027\nSystem info: host: \u0027SHASHANK-PC\u0027, ip: \u0027192.168.107.192\u0027, os.name: \u0027Windows 10\u0027, os.arch: \u0027amd64\u0027, os.version: \u002710.0\u0027, java.version: \u002716.0.2\u0027\nDriver info: org.openqa.selenium.chrome.ChromeDriver\nCapabilities {acceptInsecureCerts: false, browserName: chrome, browserVersion: 94.0.4606.81, chrome: {chromedriverVersion: 94.0.4606.61 (418b78f5838ed..., userDataDir: C:\\Users\\admin\\AppData\\Loca...}, goog:chromeOptions: {debuggerAddress: localhost:56519}, javascriptEnabled: true, networkConnectionEnabled: false, pageLoadStrategy: normal, platform: WINDOWS, platformName: WINDOWS, proxy: Proxy(), setWindowRect: true, strictFileInteractability: false, timeouts: {implicit: 0, pageLoad: 300000, script: 30000}, unhandledPromptBehavior: dismiss and notify, webauthn:extension:credBlob: true, webauthn:extension:largeBlob: true, webauthn:virtualAuthenticators: true}\nSession ID: 7a18c1e914fd4e3bc97f37c36167d2bf\n*** Element info: {Using\u003dxpath, value\u003d//*[@id\u003d\"ui\"]/div/div/form/div/div[1]/div/input}\r\n\tat java.base/jdk.internal.reflect.NativeConstructorAccessorImpl.newInstance0(Native Method)\r\n\tat java.base/jdk.internal.reflect.NativeConstructorAccessorImpl.newInstance(NativeConstructorAccessorImpl.java:78)\r\n\tat java.base/jdk.internal.reflect.DelegatingConstructorAccessorImpl.newInstance(DelegatingConstructorAccessorImpl.java:45)\r\n\tat java.base/java.lang.reflect.Constructor.newInstanceWithCaller(Constructor.java:499)\r\n\tat java.base/java.lang.reflect.Constructor.newInstance(Constructor.java:480)\r\n\tat org.openqa.selenium.remote.http.W3CHttpResponseCodec.createException(W3CHttpResponseCodec.java:187)\r\n\tat org.openqa.selenium.remote.http.W3CHttpResponseCodec.decode(W3CHttpResponseCodec.java:122)\r\n\tat org.openqa.selenium.remote.http.W3CHttpResponseCodec.decode(W3CHttpResponseCodec.java:49)\r\n\tat org.openqa.selenium.remote.HttpCommandExecutor.execute(HttpCommandExecutor.java:158)\r\n\tat org.openqa.selenium.remote.service.DriverCommandExecutor.execute(DriverCommandExecutor.java:83)\r\n\tat org.openqa.selenium.remote.RemoteWebDriver.execute(RemoteWebDriver.java:552)\r\n\tat org.openqa.selenium.remote.RemoteWebDriver.findElement(RemoteWebDriver.java:323)\r\n\tat org.openqa.selenium.remote.RemoteWebDriver.findElementByXPath(RemoteWebDriver.java:428)\r\n\tat org.openqa.selenium.By$ByXPath.findElement(By.java:353)\r\n\tat org.openqa.selenium.remote.RemoteWebDriver.findElement(RemoteWebDriver.java:315)\r\n\tat StepDefination1.datadrivenstep.user_enter_and(datadrivenstep.java:25)\r\n\tat ✽.user enter \"darade.kp143@gmail.com\" and \"Krushna@123\"(file:///C:/Users/admin/eclipse-workspace/Cucumber/Features/datadriven.feature:5)\r\n",
              "duration": 21413173700,
              "status": "failed"
            },
            "line": 5,
            "name": "user enter \"darade.kp143@gmail.com\" and \"Krushna@123\"",
            "match": {
              "arguments": [
                {
                  "val": "\"darade.kp143@gmail.com\"",
                  "offset": 11
                },
                {
                  "val": "\"Krushna@123\"",
                  "offset": 40
                }
              ],
              "location": "StepDefination1.datadrivenstep.user_enter_and(java.lang.String,java.lang.String)"
            },
            "keyword": "When "
          },
          {
            "result": {
              "duration": 1995100,
              "status": "skipped"
            },
            "line": 6,
            "name": "user is on Homepage",
            "match": {
              "location": "StepDefination1.datadrivenstep.user_is_on_homepage()"
            },
            "keyword": "Then "
          },
          {
            "result": {
              "duration": 996500,
              "status": "skipped"
            },
            "line": 7,
            "name": "close App",
            "match": {
              "location": "StepDefination1.datadrivenstep.close_app()"
            },
            "keyword": "And "
          }
        ]
      },
      {
        "start_timestamp": "2021-10-09T17:06:18.120Z",
        "line": 14,
        "name": "Test Multiple Data",
        "description": "",
        "id": "test-free-crm-app;test-multiple-data;;4",
        "type": "scenario",
        "keyword": "Scenario Outline",
        "steps": [
          {
            "result": {
              "error_message": "org.openqa.selenium.TimeoutException: timeout: Timed out receiving message from renderer: 298.387\n  (Session info: chrome\u003d94.0.4606.81)\nBuild info: version: \u00273.141.59\u0027, revision: \u0027e82be7d358\u0027, time: \u00272018-11-14T08:17:03\u0027\nSystem info: host: \u0027SHASHANK-PC\u0027, ip: \u0027192.168.107.192\u0027, os.name: \u0027Windows 10\u0027, os.arch: \u0027amd64\u0027, os.version: \u002710.0\u0027, java.version: \u002716.0.2\u0027\nDriver info: org.openqa.selenium.chrome.ChromeDriver\nCapabilities {acceptInsecureCerts: false, browserName: chrome, browserVersion: 94.0.4606.81, chrome: {chromedriverVersion: 94.0.4606.61 (418b78f5838ed..., userDataDir: C:\\Users\\admin\\AppData\\Loca...}, goog:chromeOptions: {debuggerAddress: localhost:54693}, javascriptEnabled: true, networkConnectionEnabled: false, pageLoadStrategy: normal, platform: WINDOWS, platformName: WINDOWS, proxy: Proxy(), setWindowRect: true, strictFileInteractability: false, timeouts: {implicit: 0, pageLoad: 300000, script: 30000}, unhandledPromptBehavior: dismiss and notify, webauthn:extension:credBlob: true, webauthn:extension:largeBlob: true, webauthn:virtualAuthenticators: true}\nSession ID: 1989104dfd8bc939e96be5970274e611\r\n\tat java.base/jdk.internal.reflect.NativeConstructorAccessorImpl.newInstance0(Native Method)\r\n\tat java.base/jdk.internal.reflect.NativeConstructorAccessorImpl.newInstance(NativeConstructorAccessorImpl.java:78)\r\n\tat java.base/jdk.internal.reflect.DelegatingConstructorAccessorImpl.newInstance(DelegatingConstructorAccessorImpl.java:45)\r\n\tat java.base/java.lang.reflect.Constructor.newInstanceWithCaller(Constructor.java:499)\r\n\tat java.base/java.lang.reflect.Constructor.newInstance(Constructor.java:480)\r\n\tat org.openqa.selenium.remote.http.W3CHttpResponseCodec.createException(W3CHttpResponseCodec.java:187)\r\n\tat org.openqa.selenium.remote.http.W3CHttpResponseCodec.decode(W3CHttpResponseCodec.java:122)\r\n\tat org.openqa.selenium.remote.http.W3CHttpResponseCodec.decode(W3CHttpResponseCodec.java:49)\r\n\tat org.openqa.selenium.remote.HttpCommandExecutor.execute(HttpCommandExecutor.java:158)\r\n\tat org.openqa.selenium.remote.service.DriverCommandExecutor.execute(DriverCommandExecutor.java:83)\r\n\tat org.openqa.selenium.remote.RemoteWebDriver.execute(RemoteWebDriver.java:552)\r\n\tat org.openqa.selenium.remote.RemoteWebDriver.get(RemoteWebDriver.java:277)\r\n\tat StepDefination.Baseclass.initialization(Baseclass.java:15)\r\n\tat StepDefination1.datadrivenstep.user_enter_free_crm_url(datadrivenstep.java:21)\r\n\tat ✽.user enter Free CRM url(file:///C:/Users/admin/eclipse-workspace/Cucumber/Features/datadriven.feature:4)\r\n",
              "duration": 45183565397900,
              "status": "failed"
            },
            "line": 4,
            "name": "user enter Free CRM url",
            "match": {
              "location": "StepDefination1.datadrivenstep.user_enter_free_crm_url()"
            },
            "keyword": "Given "
          },
          {
            "result": {
              "status": "skipped"
            },
            "line": 5,
            "name": "user enter \"sayli.panhale@gmail.com\" and \"Menu88**\"",
            "match": {
              "arguments": [
                {
                  "val": "\"sayli.panhale@gmail.com\"",
                  "offset": 11
                },
                {
                  "val": "\"Menu88**\"",
                  "offset": 41
                }
              ],
              "location": "StepDefination1.datadrivenstep.user_enter_and(java.lang.String,java.lang.String)"
            },
            "keyword": "When "
          },
          {
            "result": {
              "status": "skipped"
            },
            "line": 6,
            "name": "user is on Homepage",
            "match": {
              "location": "StepDefination1.datadrivenstep.user_is_on_homepage()"
            },
            "keyword": "Then "
          },
          {
            "result": {
              "status": "skipped"
            },
            "line": 7,
            "name": "close App",
            "match": {
              "location": "StepDefination1.datadrivenstep.close_app()"
            },
            "keyword": "And "
          }
        ]
      },
      {
        "start_timestamp": "2021-10-10T05:39:21.705Z",
        "line": 15,
        "name": "Test Multiple Data",
        "description": "",
        "id": "test-free-crm-app;test-multiple-data;;5",
        "type": "scenario",
        "keyword": "Scenario Outline",
        "steps": [
          {
            "result": {
              "error_message": "org.openqa.selenium.WebDriverException: unknown error: net::ERR_INTERNET_DISCONNECTED\n  (Session info: chrome\u003d94.0.4606.81)\nBuild info: version: \u00273.141.59\u0027, revision: \u0027e82be7d358\u0027, time: \u00272018-11-14T08:17:03\u0027\nSystem info: host: \u0027SHASHANK-PC\u0027, ip: \u0027192.168.107.192\u0027, os.name: \u0027Windows 10\u0027, os.arch: \u0027amd64\u0027, os.version: \u002710.0\u0027, java.version: \u002716.0.2\u0027\nDriver info: org.openqa.selenium.chrome.ChromeDriver\nCapabilities {acceptInsecureCerts: false, browserName: chrome, browserVersion: 94.0.4606.81, chrome: {chromedriverVersion: 94.0.4606.61 (418b78f5838ed..., userDataDir: C:\\Users\\admin\\AppData\\Loca...}, goog:chromeOptions: {debuggerAddress: localhost:49787}, javascriptEnabled: true, networkConnectionEnabled: false, pageLoadStrategy: normal, platform: WINDOWS, platformName: WINDOWS, proxy: Proxy(), setWindowRect: true, strictFileInteractability: false, timeouts: {implicit: 0, pageLoad: 300000, script: 30000}, unhandledPromptBehavior: dismiss and notify, webauthn:extension:credBlob: true, webauthn:extension:largeBlob: true, webauthn:virtualAuthenticators: true}\nSession ID: 594738b12c4a3a1b12a072c03cfb7517\r\n\tat java.base/jdk.internal.reflect.NativeConstructorAccessorImpl.newInstance0(Native Method)\r\n\tat java.base/jdk.internal.reflect.NativeConstructorAccessorImpl.newInstance(NativeConstructorAccessorImpl.java:78)\r\n\tat java.base/jdk.internal.reflect.DelegatingConstructorAccessorImpl.newInstance(DelegatingConstructorAccessorImpl.java:45)\r\n\tat java.base/java.lang.reflect.Constructor.newInstanceWithCaller(Constructor.java:499)\r\n\tat java.base/java.lang.reflect.Constructor.newInstance(Constructor.java:480)\r\n\tat org.openqa.selenium.remote.http.W3CHttpResponseCodec.createException(W3CHttpResponseCodec.java:187)\r\n\tat org.openqa.selenium.remote.http.W3CHttpResponseCodec.decode(W3CHttpResponseCodec.java:122)\r\n\tat org.openqa.selenium.remote.http.W3CHttpResponseCodec.decode(W3CHttpResponseCodec.java:49)\r\n\tat org.openqa.selenium.remote.HttpCommandExecutor.execute(HttpCommandExecutor.java:158)\r\n\tat org.openqa.selenium.remote.service.DriverCommandExecutor.execute(DriverCommandExecutor.java:83)\r\n\tat org.openqa.selenium.remote.RemoteWebDriver.execute(RemoteWebDriver.java:552)\r\n\tat org.openqa.selenium.remote.RemoteWebDriver.get(RemoteWebDriver.java:277)\r\n\tat StepDefination.Baseclass.initialization(Baseclass.java:15)\r\n\tat StepDefination1.datadrivenstep.user_enter_free_crm_url(datadrivenstep.java:21)\r\n\tat ✽.user enter Free CRM url(file:///C:/Users/admin/eclipse-workspace/Cucumber/Features/datadriven.feature:4)\r\n",
              "duration": 22616158000,
              "status": "failed"
            },
            "line": 4,
            "name": "user enter Free CRM url",
            "match": {
              "location": "StepDefination1.datadrivenstep.user_enter_free_crm_url()"
            },
            "keyword": "Given "
          },
          {
            "result": {
              "status": "skipped"
            },
            "line": 5,
            "name": "user enter \"suraj.salve1996@gmail.com\" and \"Suraj@1996\"",
            "match": {
              "arguments": [
                {
                  "val": "\"suraj.salve1996@gmail.com\"",
                  "offset": 11
                },
                {
                  "val": "\"Suraj@1996\"",
                  "offset": 43
                }
              ],
              "location": "StepDefination1.datadrivenstep.user_enter_and(java.lang.String,java.lang.String)"
            },
            "keyword": "When "
          },
          {
            "result": {
              "status": "skipped"
            },
            "line": 6,
            "name": "user is on Homepage",
            "match": {
              "location": "StepDefination1.datadrivenstep.user_is_on_homepage()"
            },
            "keyword": "Then "
          },
          {
            "result": {
              "duration": 1995400,
              "status": "skipped"
            },
            "line": 7,
            "name": "close App",
            "match": {
              "location": "StepDefination1.datadrivenstep.close_app()"
            },
            "keyword": "And "
          }
        ]
      },
      {
        "start_timestamp": "2021-10-10T05:39:44.545Z",
        "line": 16,
        "name": "Test Multiple Data",
        "description": "",
        "id": "test-free-crm-app;test-multiple-data;;6",
        "type": "scenario",
        "keyword": "Scenario Outline",
        "steps": [
          {
            "result": {
              "error_message": "org.openqa.selenium.WebDriverException: unknown error: net::ERR_INTERNET_DISCONNECTED\n  (Session info: chrome\u003d94.0.4606.81)\nBuild info: version: \u00273.141.59\u0027, revision: \u0027e82be7d358\u0027, time: \u00272018-11-14T08:17:03\u0027\nSystem info: host: \u0027SHASHANK-PC\u0027, ip: \u0027192.168.107.192\u0027, os.name: \u0027Windows 10\u0027, os.arch: \u0027amd64\u0027, os.version: \u002710.0\u0027, java.version: \u002716.0.2\u0027\nDriver info: org.openqa.selenium.chrome.ChromeDriver\nCapabilities {acceptInsecureCerts: false, browserName: chrome, browserVersion: 94.0.4606.81, chrome: {chromedriverVersion: 94.0.4606.61 (418b78f5838ed..., userDataDir: C:\\Users\\admin\\AppData\\Loca...}, goog:chromeOptions: {debuggerAddress: localhost:55441}, javascriptEnabled: true, networkConnectionEnabled: false, pageLoadStrategy: normal, platform: WINDOWS, platformName: WINDOWS, proxy: Proxy(), setWindowRect: true, strictFileInteractability: false, timeouts: {implicit: 0, pageLoad: 300000, script: 30000}, unhandledPromptBehavior: dismiss and notify, webauthn:extension:credBlob: true, webauthn:extension:largeBlob: true, webauthn:virtualAuthenticators: true}\nSession ID: eeb15242e7a47c372950ccb16c780592\r\n\tat java.base/jdk.internal.reflect.NativeConstructorAccessorImpl.newInstance0(Native Method)\r\n\tat java.base/jdk.internal.reflect.NativeConstructorAccessorImpl.newInstance(NativeConstructorAccessorImpl.java:78)\r\n\tat java.base/jdk.internal.reflect.DelegatingConstructorAccessorImpl.newInstance(DelegatingConstructorAccessorImpl.java:45)\r\n\tat java.base/java.lang.reflect.Constructor.newInstanceWithCaller(Constructor.java:499)\r\n\tat java.base/java.lang.reflect.Constructor.newInstance(Constructor.java:480)\r\n\tat org.openqa.selenium.remote.http.W3CHttpResponseCodec.createException(W3CHttpResponseCodec.java:187)\r\n\tat org.openqa.selenium.remote.http.W3CHttpResponseCodec.decode(W3CHttpResponseCodec.java:122)\r\n\tat org.openqa.selenium.remote.http.W3CHttpResponseCodec.decode(W3CHttpResponseCodec.java:49)\r\n\tat org.openqa.selenium.remote.HttpCommandExecutor.execute(HttpCommandExecutor.java:158)\r\n\tat org.openqa.selenium.remote.service.DriverCommandExecutor.execute(DriverCommandExecutor.java:83)\r\n\tat org.openqa.selenium.remote.RemoteWebDriver.execute(RemoteWebDriver.java:552)\r\n\tat org.openqa.selenium.remote.RemoteWebDriver.get(RemoteWebDriver.java:277)\r\n\tat StepDefination.Baseclass.initialization(Baseclass.java:15)\r\n\tat StepDefination1.datadrivenstep.user_enter_free_crm_url(datadrivenstep.java:21)\r\n\tat ✽.user enter Free CRM url(file:///C:/Users/admin/eclipse-workspace/Cucumber/Features/datadriven.feature:4)\r\n",
              "duration": 6692215900,
              "status": "failed"
            },
            "line": 4,
            "name": "user enter Free CRM url",
            "match": {
              "location": "StepDefination1.datadrivenstep.user_enter_free_crm_url()"
            },
            "keyword": "Given "
          },
          {
            "result": {
              "status": "skipped"
            },
            "line": 5,
            "name": "user enter \"gshnde95@gmail.com\" and \"Gaurav59\"",
            "match": {
              "arguments": [
                {
                  "val": "\"gshnde95@gmail.com\"",
                  "offset": 11
                },
                {
                  "val": "\"Gaurav59\"",
                  "offset": 36
                }
              ],
              "location": "StepDefination1.datadrivenstep.user_enter_and(java.lang.String,java.lang.String)"
            },
            "keyword": "When "
          },
          {
            "result": {
              "status": "skipped"
            },
            "line": 6,
            "name": "user is on Homepage",
            "match": {
              "location": "StepDefination1.datadrivenstep.user_is_on_homepage()"
            },
            "keyword": "Then "
          },
          {
            "result": {
              "status": "skipped"
            },
            "line": 7,
            "name": "close App",
            "match": {
              "location": "StepDefination1.datadrivenstep.close_app()"
            },
            "keyword": "And "
          }
        ]
      },
      {
        "start_timestamp": "2021-10-10T05:39:51.264Z",
        "line": 17,
        "name": "Test Multiple Data",
        "description": "",
        "id": "test-free-crm-app;test-multiple-data;;7",
        "type": "scenario",
        "keyword": "Scenario Outline",
        "steps": [
          {
            "result": {
              "error_message": "org.openqa.selenium.WebDriverException: unknown error: cannot determine loading status\nfrom disconnected: Unable to receive message from renderer\n  (Session info: chrome\u003d94.0.4606.81)\nBuild info: version: \u00273.141.59\u0027, revision: \u0027e82be7d358\u0027, time: \u00272018-11-14T08:17:03\u0027\nSystem info: host: \u0027SHASHANK-PC\u0027, ip: \u0027192.168.107.192\u0027, os.name: \u0027Windows 10\u0027, os.arch: \u0027amd64\u0027, os.version: \u002710.0\u0027, java.version: \u002716.0.2\u0027\nDriver info: org.openqa.selenium.chrome.ChromeDriver\nCapabilities {acceptInsecureCerts: false, browserName: chrome, browserVersion: 94.0.4606.81, chrome: {chromedriverVersion: 94.0.4606.61 (418b78f5838ed..., userDataDir: C:\\Users\\admin\\AppData\\Loca...}, goog:chromeOptions: {debuggerAddress: localhost:50315}, javascriptEnabled: true, networkConnectionEnabled: false, pageLoadStrategy: normal, platform: WINDOWS, platformName: WINDOWS, proxy: Proxy(), setWindowRect: true, strictFileInteractability: false, timeouts: {implicit: 0, pageLoad: 300000, script: 30000}, unhandledPromptBehavior: dismiss and notify, webauthn:extension:credBlob: true, webauthn:extension:largeBlob: true, webauthn:virtualAuthenticators: true}\nSession ID: a2298146aa8fa5d410bb637ada88c7fd\r\n\tat java.base/jdk.internal.reflect.NativeConstructorAccessorImpl.newInstance0(Native Method)\r\n\tat java.base/jdk.internal.reflect.NativeConstructorAccessorImpl.newInstance(NativeConstructorAccessorImpl.java:78)\r\n\tat java.base/jdk.internal.reflect.DelegatingConstructorAccessorImpl.newInstance(DelegatingConstructorAccessorImpl.java:45)\r\n\tat java.base/java.lang.reflect.Constructor.newInstanceWithCaller(Constructor.java:499)\r\n\tat java.base/java.lang.reflect.Constructor.newInstance(Constructor.java:480)\r\n\tat org.openqa.selenium.remote.http.W3CHttpResponseCodec.createException(W3CHttpResponseCodec.java:187)\r\n\tat org.openqa.selenium.remote.http.W3CHttpResponseCodec.decode(W3CHttpResponseCodec.java:122)\r\n\tat org.openqa.selenium.remote.http.W3CHttpResponseCodec.decode(W3CHttpResponseCodec.java:49)\r\n\tat org.openqa.selenium.remote.HttpCommandExecutor.execute(HttpCommandExecutor.java:158)\r\n\tat org.openqa.selenium.remote.service.DriverCommandExecutor.execute(DriverCommandExecutor.java:83)\r\n\tat org.openqa.selenium.remote.RemoteWebDriver.execute(RemoteWebDriver.java:552)\r\n\tat org.openqa.selenium.remote.RemoteWebDriver.get(RemoteWebDriver.java:277)\r\n\tat StepDefination.Baseclass.initialization(Baseclass.java:15)\r\n\tat StepDefination1.datadrivenstep.user_enter_free_crm_url(datadrivenstep.java:21)\r\n\tat ✽.user enter Free CRM url(file:///C:/Users/admin/eclipse-workspace/Cucumber/Features/datadriven.feature:4)\r\n",
              "duration": 5344291200,
              "status": "failed"
            },
            "line": 4,
            "name": "user enter Free CRM url",
            "match": {
              "location": "StepDefination1.datadrivenstep.user_enter_free_crm_url()"
            },
            "keyword": "Given "
          },
          {
            "result": {
              "status": "skipped"
            },
            "line": 5,
            "name": "user enter \"Kukdesmit1@gmail.com\" and \"Sum#78648\"",
            "match": {
              "arguments": [
                {
                  "val": "\"Kukdesmit1@gmail.com\"",
                  "offset": 11
                },
                {
                  "val": "\"Sum#78648\"",
                  "offset": 38
                }
              ],
              "location": "StepDefination1.datadrivenstep.user_enter_and(java.lang.String,java.lang.String)"
            },
            "keyword": "When "
          },
          {
            "result": {
              "status": "skipped"
            },
            "line": 6,
            "name": "user is on Homepage",
            "match": {
              "location": "StepDefination1.datadrivenstep.user_is_on_homepage()"
            },
            "keyword": "Then "
          },
          {
            "result": {
              "status": "skipped"
            },
            "line": 7,
            "name": "close App",
            "match": {
              "location": "StepDefination1.datadrivenstep.close_app()"
            },
            "keyword": "And "
          }
        ]
      }
    ],
    "name": "Test Free CRM App",
    "description": "",
    "id": "test-free-crm-app",
    "keyword": "Feature",
    "uri": "file:Features/datadriven.feature",
    "tags": []
  }
]